<?xml version="1.0" encoding="UTF-8"?>
<!-- Generated by org.testng.reporters.JUnitXMLReporter -->
<testsuite ignored="0" hostname="DESKTOP-4V5MUAL" failures="0" tests="3" name="Default test" time="0.1" errors="0" timestamp="2023-04-11T21:04:44 IST">
  <testcase classname="com.edureka.testPackage.TestCaseClass" name="returnTicket" time="0.017"/>
  <testcase classname="com.edureka.testPackage.TestCaseClass" name="verifyCookiesHandle" time="0.002"/>
  <testcase classname="com.edureka.testPackage.TestCaseClass" name="verifyMouseHover" time="0.002"/>
</testsuite> <!-- Default test -->
