<?xml version="1.0" encoding="UTF-8"?>
<testng-results ignored="0" total="3" passed="3" failed="0" skipped="0">
  <reporter-output>
  </reporter-output>
  <suite started-at="2023-04-11T21:04:44 IST" name="Default suite" finished-at="2023-04-11T21:04:44 IST" duration-ms="100">
    <groups>
    </groups>
    <test started-at="2023-04-11T21:04:44 IST" name="Default test" finished-at="2023-04-11T21:04:44 IST" duration-ms="100">
      <class name="com.edureka.testPackage.TestCaseClass">
        <test-method signature="returnTicket()[pri:0, instance:com.edureka.testPackage.TestCaseClass@290222c1]" started-at="2023-04-11T21:04:44 IST" name="returnTicket" finished-at="2023-04-11T21:04:44 IST" duration-ms="17" status="PASS">
          <reporter-output>
          </reporter-output>
        </test-method> <!-- returnTicket -->
        <test-method signature="verifyCookiesHandle()[pri:4, instance:com.edureka.testPackage.TestCaseClass@290222c1]" started-at="2023-04-11T21:04:44 IST" name="verifyCookiesHandle" finished-at="2023-04-11T21:04:44 IST" duration-ms="2" status="PASS">
          <reporter-output>
          </reporter-output>
        </test-method> <!-- verifyCookiesHandle -->
        <test-method signature="verifyMouseHover()[pri:5, instance:com.edureka.testPackage.TestCaseClass@290222c1]" started-at="2023-04-11T21:04:44 IST" name="verifyMouseHover" finished-at="2023-04-11T21:04:44 IST" duration-ms="2" status="PASS">
          <reporter-output>
          </reporter-output>
        </test-method> <!-- verifyMouseHover -->
        <test-method is-config="true" signature="closeBrowser()[pri:0, instance:com.edureka.testPackage.TestCaseClass@290222c1]" started-at="2023-04-11T21:04:44 IST" name="closeBrowser" finished-at="2023-04-11T21:04:44 IST" duration-ms="2" status="PASS">
          <reporter-output>
          </reporter-output>
        </test-method> <!-- closeBrowser -->
      </class> <!-- com.edureka.testPackage.TestCaseClass -->
    </test> <!-- Default test -->
  </suite> <!-- Default suite -->
</testng-results>
